C:\Учеба\PascalABC.NET\LibSource
C:\Учеба\PascalABC.NET\Lib
C:\Учеба\PascalABC.NET\Highlighting
C:\Учеба\PascalABC.NET\PT4
C:\Учеба\PascalABC.NET\Ico
C:\Учеба\PascalABC.NET\Doc
C:\Учеба\PascalABC.NET\Uninstall.exe
C:\Учеба\PascalABC.NET\PascalABCNET.exe.config
C:\Учеба\PascalABC.NET\Compiler.dll
C:\Учеба\PascalABC.NET\CompilerTools.dll
C:\Учеба\PascalABC.NET\Errors.dll
C:\Учеба\PascalABC.NET\Localization.dll
C:\Учеба\PascalABC.NET\NETGenerator.dll
C:\Учеба\PascalABC.NET\ParserTools.dll
C:\Учеба\PascalABC.NET\SemanticTree.dll
C:\Учеба\PascalABC.NET\SyntaxTree.dll
C:\Учеба\PascalABC.NET\SyntaxTreeConverters.dll
C:\Учеба\PascalABC.NET\YieldHelpers.dll
C:\Учеба\PascalABC.NET\SyntaxVisitors.dll
C:\Учеба\PascalABC.NET\ICSharpCode.NRefactory.dll
C:\Учеба\PascalABC.NET\TreeConverter.dll
C:\Учеба\PascalABC.NET\OptimizerConversion.dll
C:\Учеба\PascalABC.NET\Mono.Cecil.dll
C:\Учеба\PascalABC.NET\TeacherControlPlugin.dll
C:\Учеба\PascalABC.NET\LambdaAnySynToSemConverter.dll
C:\Учеба\PascalABC.NET\License.txt
C:\Учеба\PascalABC.NET\copyright.txt
C:\Учеба\PascalABC.NET\pabcnetc.exe.config
C:\Учеба\PascalABC.NET\pabcnetcclear.exe.config
C:\Учеба\PascalABC.NET\Lib\__RedirectIOMode.pcu
C:\Учеба\PascalABC.NET\Lib\__RunMode.pcu
C:\Учеба\PascalABC.NET\Lib\ABCButtons.pcu
C:\Учеба\PascalABC.NET\Lib\ABCHouse.pcu
C:\Учеба\PascalABC.NET\Lib\ABCObjects.pcu
C:\Учеба\PascalABC.NET\Lib\ABCDatabases.pcu
C:\Учеба\PascalABC.NET\Lib\PT4Databases.pcu
C:\Учеба\PascalABC.NET\Lib\ABCSprites.pcu
C:\Учеба\PascalABC.NET\Lib\Arrays.pcu
C:\Учеба\PascalABC.NET\Lib\BFSystem.pcu
C:\Учеба\PascalABC.NET\Lib\CRT.pcu
C:\Учеба\PascalABC.NET\Lib\DMCollect.pcu
C:\Учеба\PascalABC.NET\Lib\DMTaskMaker.pcu
C:\Учеба\PascalABC.NET\Lib\DMZadan.pcu
C:\Учеба\PascalABC.NET\Lib\Drawman.pcu
C:\Учеба\PascalABC.NET\Lib\DrawManField.pcu
C:\Учеба\PascalABC.NET\Lib\Events.pcu
C:\Учеба\PascalABC.NET\Lib\FilesOperations.pcu
C:\Учеба\PascalABC.NET\Lib\FormsABC.pcu
C:\Учеба\PascalABC.NET\Lib\GOLDParserEngine.pcu
C:\Учеба\PascalABC.NET\Lib\GraphABC.pcu
C:\Учеба\PascalABC.NET\Lib\NumLibABC.pcu
C:\Учеба\PascalABC.NET\Lib\GraphWPFBase.pcu
C:\Учеба\PascalABC.NET\Lib\GraphWPF.pcu
C:\Учеба\PascalABC.NET\Lib\WPFObjects.pcu
C:\Учеба\PascalABC.NET\Lib\Controls.pcu
C:\Учеба\PascalABC.NET\Lib\Countries.pcu
C:\Учеба\PascalABC.NET\Lib\Graph3D.pcu
C:\Учеба\PascalABC.NET\Lib\GraphABCHelper.pcu
C:\Учеба\PascalABC.NET\Lib\BBCMicroBit.pcu
C:\Учеба\PascalABC.NET\Lib\IniFile.pcu
C:\Учеба\PascalABC.NET\Lib\PABCSystem.pcu
C:\Учеба\PascalABC.NET\Lib\PABCExtensions.pcu
C:\Учеба\PascalABC.NET\Lib\PointerTools.pcu
C:\Учеба\PascalABC.NET\Lib\PointRect.pcu
C:\Учеба\PascalABC.NET\Lib\PT4.pcu
C:\Учеба\PascalABC.NET\Lib\PT4Exam.pcu
C:\Учеба\PascalABC.NET\Lib\PT4MakerNetX.pcu
C:\Учеба\PascalABC.NET\Lib\PT4TaskMakerNET.pcu
C:\Учеба\PascalABC.NET\Lib\Robot.pcu
C:\Учеба\PascalABC.NET\Lib\RobotField.pcu
C:\Учеба\PascalABC.NET\Lib\RobotTaskMaker.pcu
C:\Учеба\PascalABC.NET\Lib\RobotZadan.pcu
C:\Учеба\PascalABC.NET\Lib\Sockets.pcu
C:\Учеба\PascalABC.NET\Lib\Timers.pcu
C:\Учеба\PascalABC.NET\Lib\Utils.pcu
C:\Учеба\PascalABC.NET\Lib\VCL.pcu
C:\Учеба\PascalABC.NET\Lib\RBDMUtils.pcu
C:\Учеба\PascalABC.NET\Lib\Collections.pcu
C:\Учеба\PascalABC.NET\Lib\Core.pcu
C:\Учеба\PascalABC.NET\Lib\MPI.pcu
C:\Учеба\PascalABC.NET\Lib\ClientServer.pcu
C:\Учеба\PascalABC.NET\Lib\OpenGL.pcu
C:\Учеба\PascalABC.NET\Lib\Speech.pcu
C:\Учеба\PascalABC.NET\Lib\Sounds.pcu
C:\Учеба\PascalABC.NET\Lib\BlockFileOfT.pcu
C:\Учеба\PascalABC.NET\Lib\OpenCL.pcu
C:\Учеба\PascalABC.NET\Lib\OpenCLABC.pcu
C:\Учеба\PascalABC.NET\Lib\OpenGL.pcu
C:\Учеба\PascalABC.NET\Lib\OpenGLABC.pcu
C:\Учеба\PascalABC.NET\Lib\School.pcu
C:\Учеба\PascalABC.NET\Lib\SF.pcu
C:\Учеба\PascalABC.NET\Lib\Turtle.pcu
C:\Учеба\PascalABC.NET\Lib\TurtleWPF.pcu
C:\Учеба\PascalABC.NET\Lib\LightPT.pcu
C:\Учеба\PascalABC.NET\Lib\Tasks.pcu
C:\Учеба\PascalABC.NET\Lib\TwoPanelsWindow.pcu
C:\Учеба\PascalABC.NET\Lib\NUnitABC.pcu
C:\Учеба\PascalABC.NET\Lib\PlotWPF.pcu
C:\Учеба\PascalABC.NET\Lib\XLSX.pcu
C:\Учеба\PascalABC.NET\Lib\Мозаика.pcu
C:\Учеба\PascalABC.NET\Lib\TasksArr.pcu
C:\Учеба\PascalABC.NET\Lib\TasksMatr.pcu
C:\Учеба\PascalABC.NET\Lib\TasksStr.pcu
C:\Учеба\PascalABC.NET\Lib\Tasks1Begin.pcu
C:\Учеба\PascalABC.NET\Lib\Tasks1BoolIfCase.pcu
C:\Учеба\PascalABC.NET\Lib\Tasks1Loops.pcu
C:\Учеба\PascalABC.NET\Lib\Tasks1Arr.pcu
C:\Учеба\PascalABC.NET\Lib\turtle.png
C:\Учеба\PascalABC.NET\Lib\PABCRtl.dll
C:\Учеба\PascalABC.NET\Lib\HelixToolkit.Wpf.dll
C:\Учеба\PascalABC.NET\Lib\HelixToolkit.dll
C:\Учеба\PascalABC.NET\Lib\nunit.framework.dll
C:\Учеба\PascalABC.NET\Lib\InteractiveDataDisplay.WPF.dll
C:\Учеба\PascalABC.NET\Lib\PABCRtl.pdb
C:\Учеба\PascalABC.NET\Doc\NumLibABC.pdf
C:\Учеба\PascalABC.NET\LibSource\__RedirectIOMode.pas
C:\Учеба\PascalABC.NET\LibSource\__RunMode.pas
C:\Учеба\PascalABC.NET\LibSource\ABCButtons.pas
C:\Учеба\PascalABC.NET\LibSource\ABCHouse.pas
C:\Учеба\PascalABC.NET\LibSource\ABCObjects.pas
C:\Учеба\PascalABC.NET\LibSource\ABCSprites.pas
C:\Учеба\PascalABC.NET\LibSource\ABCDatabases.pas
C:\Учеба\PascalABC.NET\LibSource\PT4Databases.pas
C:\Учеба\PascalABC.NET\LibSource\Arrays.pas
C:\Учеба\PascalABC.NET\LibSource\CRT.pas
C:\Учеба\PascalABC.NET\LibSource\DMCollect.pas
C:\Учеба\PascalABC.NET\LibSource\DMTaskMaker.pas
C:\Учеба\PascalABC.NET\LibSource\Drawman.pas
C:\Учеба\PascalABC.NET\LibSource\DrawManField.pas
C:\Учеба\PascalABC.NET\LibSource\Events.pas
C:\Учеба\PascalABC.NET\LibSource\FilesOperations.pas
C:\Учеба\PascalABC.NET\LibSource\FormsABC.pas
C:\Учеба\PascalABC.NET\LibSource\GraphABC.pas
C:\Учеба\PascalABC.NET\LibSource\NumLibABC.pas
C:\Учеба\PascalABC.NET\LibSource\GraphWPFBase.pas
C:\Учеба\PascalABC.NET\LibSource\GraphWPF.pas
C:\Учеба\PascalABC.NET\LibSource\WPFObjects.pas
C:\Учеба\PascalABC.NET\LibSource\Controls.pas
C:\Учеба\PascalABC.NET\LibSource\Countries.pas
C:\Учеба\PascalABC.NET\LibSource\Graph3D.pas
C:\Учеба\PascalABC.NET\LibSource\GraphABCHelper.pas
C:\Учеба\PascalABC.NET\LibSource\BBCMicroBit.pas
C:\Учеба\PascalABC.NET\LibSource\IniFile.pas
C:\Учеба\PascalABC.NET\LibSource\PABCSystem.pas
C:\Учеба\PascalABC.NET\LibSource\PABCExtensions.pas
C:\Учеба\PascalABC.NET\LibSource\PointerTools.pas
C:\Учеба\PascalABC.NET\LibSource\PointRect.pas
C:\Учеба\PascalABC.NET\LibSource\PT4.pas
C:\Учеба\PascalABC.NET\LibSource\PT4Exam.pas
C:\Учеба\PascalABC.NET\LibSource\PT4MakerNetX.pas
C:\Учеба\PascalABC.NET\LibSource\xPT4MakerNetX.pas
C:\Учеба\PascalABC.NET\LibSource\PT4TaskMakerNET.pas
C:\Учеба\PascalABC.NET\LibSource\xPT4TaskMakerNET.pas
C:\Учеба\PascalABC.NET\LibSource\Robot.pas
C:\Учеба\PascalABC.NET\LibSource\RobotField.pas
C:\Учеба\PascalABC.NET\LibSource\RobotTaskMaker.pas
C:\Учеба\PascalABC.NET\LibSource\Sockets.pas
C:\Учеба\PascalABC.NET\LibSource\Timers.pas
C:\Учеба\PascalABC.NET\LibSource\Utils.pas
C:\Учеба\PascalABC.NET\LibSource\VCL.pas
C:\Учеба\PascalABC.NET\LibSource\RBDMUtils.pas
C:\Учеба\PascalABC.NET\LibSource\Collections.pas
C:\Учеба\PascalABC.NET\LibSource\Core.pas
C:\Учеба\PascalABC.NET\LibSource\MPI.pas
C:\Учеба\PascalABC.NET\LibSource\ClientServer.pas
C:\Учеба\PascalABC.NET\LibSource\Speech.pas
C:\Учеба\PascalABC.NET\LibSource\Sounds.pas
C:\Учеба\PascalABC.NET\LibSource\BlockFileOfT.pas
C:\Учеба\PascalABC.NET\LibSource\OpenCL.pas
C:\Учеба\PascalABC.NET\LibSource\OpenCLABC.pas
C:\Учеба\PascalABC.NET\LibSource\OpenGL.pas
C:\Учеба\PascalABC.NET\LibSource\OpenGLABC.pas
C:\Учеба\PascalABC.NET\LibSource\School.pas
C:\Учеба\PascalABC.NET\LibSource\SF.pas
C:\Учеба\PascalABC.NET\LibSource\Turtle.pas
C:\Учеба\PascalABC.NET\LibSource\TurtleWPF.pas
C:\Учеба\PascalABC.NET\LibSource\LightPT.pas
C:\Учеба\PascalABC.NET\LibSource\Tasks.pas
C:\Учеба\PascalABC.NET\LibSource\TwoPanelsWindow.pas
C:\Учеба\PascalABC.NET\LibSource\NUnitABC.pas
C:\Учеба\PascalABC.NET\LibSource\PlotWPF.pas
C:\Учеба\PascalABC.NET\LibSource\XLSX.pas
C:\Учеба\PascalABC.NET\LibSource\Мозаика.pas
C:\Учеба\PascalABC.NET\LibSource\__RedirectIOMode.vb
C:\Учеба\PascalABC.NET\LibSource\VBSystem.vb
C:\Учеба\PascalABC.NET\PascalABCParser.dll
C:\Учеба\PascalABC.NET\Highlighting\PascalABCNET.xshd
C:\Учеба\PascalABC.NET\Ico\pas.ico
C:\Учеба\PascalABC.NET\Ico\pabcproj.ico
C:\Учеба\PascalABC.NET\pabcnetc.exe
C:\Учеба\PascalABC.NET\pabcnetcclear.exe
C:\Учеба\PascalABC.NET\ICSharpCode.TextEditor.dll
C:\Учеба\PascalABC.NET\ICSharpCode.AvalonEdit.dll
C:\Учеба\PascalABC.NET\PluginsSupport.dll
C:\Учеба\PascalABC.NET\PascalABCNET.exe
C:\Учеба\PascalABC.NET\Debugger.Core.dll
C:\Учеба\PascalABC.NET\SharpDisasm.dll
C:\Учеба\PascalABC.NET\PascalABCNET.chm
C:\Учеба\PascalABC.NET\CodeCompletion.dll
C:\Учеба\PascalABC.NET\WeifenLuo.WinFormsUI.Docking.dll
C:\Учеба\PascalABC.NET\CodeTemplatesPlugin.dll
C:\Учеба\PascalABC.NET\HelpExamples.ini
C:\Учеба\PascalABC.NET\template.pct
C:\Учеба\PascalABC.NET\samples.pct
C:\Учеба\PascalABC.NET\school.pct
C:\Учеба\PascalABC.NET\Pause.exe
C:\Учеба\PascalABC.NET\nuget.exe
C:\Учеба\PascalABC.NET\FormatterOptions.ini
C:\Учеба\PascalABC.NET\ProgrammRunner.exe
C:\Учеба\PascalABC.NET\RunUnitTests.exe
C:\Учеба\PascalABC.NET\PT.ini
C:\Учеба\PascalABC.NET\Results.abc
C:\Учеба\PascalABC.NET\loadpabc.dat
C:\Учеба\PascalABC.NET\PT4Provider.dll
C:\Учеба\PascalABC.NET\Lib\regtasks.dat
C:\Учеба\PascalABC.NET\PT4\Results.abc
C:\Учеба\PascalABC.NET\PT4\_loadpabc.dat
C:\Учеба\PascalABC.NET\PT4\loadpabc.dat
C:\Учеба\PascalABC.NET\PT4\Examloadpabc.dat
C:\Учеба\PascalABC.NET\PT4\loadpabc_en.dat
C:\Учеба\PascalABC.NET\PT4\pt4pabc.dll
C:\Учеба\PascalABC.NET\PT4\pt4pabc2.dll
C:\Учеба\PascalABC.NET\PT4\xpt4pabc2.dll
C:\Учеба\PascalABC.NET\PT4\PT4nld4p.dll
C:\Учеба\PascalABC.NET\PT4\PT4Demo.exe
C:\Учеба\PascalABC.NET\PT4\PT4Load.exe
C:\Учеба\PascalABC.NET\PT4\PT4Res.exe
C:\Учеба\PascalABC.NET\PT4\PT4Setup.exe
C:\Учеба\PascalABC.NET\PT4\PT.ini
C:\Учеба\PascalABC.NET\PT4\PT4Tasks.css
C:\Учеба\PascalABC.NET\PT4\license-en.txt
C:\Учеба\PascalABC.NET\PT4\license-ru.txt
C:\Учеба\PascalABC.NET\PT4\LinqBloadpabc.dat
C:\Учеба\PascalABC.NET\PT4\LinqOloadpabc.dat
C:\Учеба\PascalABC.NET\PT4\LinqXloadpabc.dat
C:\Учеба\PascalABC.NET\PT4\loaddat.txt
C:\Учеба\PascalABC.NET\PT4\Lib\PT-Ext.dll
C:\Учеба\PascalABC.NET\PT4\Lib\PT4ExamBegin.dll
C:\Учеба\PascalABC.NET\PT4\Lib\PT4ExamBegin_ru.dll
C:\Учеба\PascalABC.NET\PT4\Lib\PT4ExamCheck.dll
C:\Учеба\PascalABC.NET\PT4\Lib\PT4ExamCheck_ru.dll
C:\Учеба\PascalABC.NET\PT4\Lib\PT4ExamTaskC.dll
C:\Учеба\PascalABC.NET\PT4\Lib\PT4ExamTaskC_ru.dll
C:\Учеба\PascalABC.NET\PT4\Lib\PT4LinqBegin.dll
C:\Учеба\PascalABC.NET\PT4\Lib\PT4LinqObj.dll
C:\Учеба\PascalABC.NET\PT4\Lib\PT4LinqXml.dll
C:\Учеба\PascalABC.NET\PT4\Lib\PT4TMDemoAbc.dll
C:\Учеба\PascalABC.NET\PT4\Lib\PT4ArrFilter.dll
C:\Учеба\PascalABC.NET\PT4\Lib\PT4ArrFind.dll
C:\Учеба\PascalABC.NET\PT4\Lib\PT4ArrGen.dll
C:\Учеба\PascalABC.NET\PT4\Lib\PT4ArrObj.dll
C:\Учеба\PascalABC.NET\PT4\Lib\PT4ArrOp.dll
C:\Учеба\PascalABC.NET\PT4\Lib\PT4ArrShift.dll
C:\Учеба\PascalABC.NET\PT4\Lib\PT4ArrSlice.dll
C:\Учеба\PascalABC.NET\PT4\Lib\PT4ArrTransf.dll
C:\Учеба\PascalABC.NET\PT4\Lib\PT4ObjArray.dll
C:\Учеба\PascalABC.NET\PT4\Lib\PT4ZArray.dll
C:\Учеба\PascalABC.NET\PT4\Lib\PT4ZArray_ru.dll
C:\Учеба\PascalABC.NET\PT4\Lib\PT4ZFunc.dll
C:\Учеба\PascalABC.NET\PT4\Lib\PT4ZFunc_ru.dll
C:\Учеба\PascalABC.NET\PT4\Lib\PT4ZMatrix.dll
C:\Учеба\PascalABC.NET\PT4\Lib\PT4ZMatrix_ru.dll
C:\Учеба\PascalABC.NET\PT4\Lib\PT4ZMinmax.dll
C:\Учеба\PascalABC.NET\PT4\Lib\PT4ZMinmax_ru.dll
C:\Учеба\PascalABC.NET\PT4\Lib\PT4ZSeries.dll
C:\Учеба\PascalABC.NET\PT4\Lib\PT4ZSeries_ru.dll
C:\Учеба\PascalABC.NET\PT4\Lib\PT4AArray.dll
C:\Учеба\PascalABC.NET\PT4\Lib\PT4ABegin.dll
C:\Учеба\PascalABC.NET\PT4\Lib\PT4ABoolean.dll
C:\Учеба\PascalABC.NET\PT4\Lib\PT4ACase.dll
C:\Учеба\PascalABC.NET\PT4\Lib\PT4AExam.dll
C:\Учеба\PascalABC.NET\PT4\Lib\PT4AFunc.dll
C:\Учеба\PascalABC.NET\PT4\Lib\PT4AIf.dll
C:\Учеба\PascalABC.NET\PT4\Lib\PT4AInteger.dll
C:\Учеба\PascalABC.NET\PT4\Lib\PT4ALoopFor.dll
C:\Учеба\PascalABC.NET\PT4\Lib\PT4ASeries.dll
C:\Учеба\PascalABC.NET\PT4\Lib\PT4AWhile.dll
C:\Учеба\PascalABC.NET\PT4\Lib\PT4AProc.dll
C:\Учеба\PascalABC.NET\PT4\Lib\xPT4AArray.dll
C:\Учеба\PascalABC.NET\PT4\Lib\xPT4ABegin.dll
C:\Учеба\PascalABC.NET\PT4\Lib\xPT4ABoolean.dll
C:\Учеба\PascalABC.NET\PT4\Lib\xPT4ACase.dll
C:\Учеба\PascalABC.NET\PT4\Lib\xPT4AExam.dll
C:\Учеба\PascalABC.NET\PT4\Lib\xPT4AFunc.dll
C:\Учеба\PascalABC.NET\PT4\Lib\xPT4AIf.dll
C:\Учеба\PascalABC.NET\PT4\Lib\xPT4AInteger.dll
C:\Учеба\PascalABC.NET\PT4\Lib\xPT4ALoopFor.dll
C:\Учеба\PascalABC.NET\PT4\Lib\xPT4AProc.dll
C:\Учеба\PascalABC.NET\PT4\Lib\xPT4ArrFilter.dll
C:\Учеба\PascalABC.NET\PT4\Lib\xPT4ArrFind.dll
C:\Учеба\PascalABC.NET\PT4\Lib\xPT4ArrGen.dll
C:\Учеба\PascalABC.NET\PT4\Lib\xPT4ArrObj.dll
C:\Учеба\PascalABC.NET\PT4\Lib\xPT4ArrOp.dll
C:\Учеба\PascalABC.NET\PT4\Lib\xPT4ArrShift.dll
C:\Учеба\PascalABC.NET\PT4\Lib\xPT4ArrSlice.dll
C:\Учеба\PascalABC.NET\PT4\Lib\xPT4ArrTransf.dll
C:\Учеба\PascalABC.NET\PT4\Lib\xPT4ASeries.dll
C:\Учеба\PascalABC.NET\PT4\Lib\xPT4AWhile.dll
C:\Учеба\PascalABC.NET\PT4\Lib\xPT4ExamBegin.dll
C:\Учеба\PascalABC.NET\PT4\Lib\xPT4ExamCheck.dll
C:\Учеба\PascalABC.NET\PT4\Lib\xPT4ExamTaskC.dll
C:\Учеба\PascalABC.NET\PT4\Lib\xPT4LinqBegin.dll
C:\Учеба\PascalABC.NET\PT4\Lib\xPT4LinqObj.dll
C:\Учеба\PascalABC.NET\PT4\Lib\xPT4LinqXml.dll
C:\Учеба\PascalABC.NET\PT4\Lib\xPT4ObjArray.dll
C:\Учеба\PascalABC.NET\PT4\Lib\xPT4TMDemoAbc.dll
C:\Учеба\PascalABC.NET\PT4\Lib\xPT4ZArray.dll
C:\Учеба\PascalABC.NET\PT4\Lib\xPT4ZArray_ru.dll
C:\Учеба\PascalABC.NET\PT4\Lib\xPT4ZFunc.dll
C:\Учеба\PascalABC.NET\PT4\Lib\xPT4ZFunc_ru.dll
C:\Учеба\PascalABC.NET\PT4\Lib\xPT4ZMatrix.dll
C:\Учеба\PascalABC.NET\PT4\Lib\xPT4ZMatrix_ru.dll
C:\Учеба\PascalABC.NET\PT4\Lib\xPT4ZMinmax.dll
C:\Учеба\PascalABC.NET\PT4\Lib\xPT4ZMinmax_ru.dll
C:\Учеба\PascalABC.NET\PT4\Lib\xPT4ZSeries.dll
C:\Учеба\PascalABC.NET\PT4\Lib\xPT4ZSeries_ru.dll
C:\Учеба\PascalABC.NET\PT4\Lib\PT4_.txt
C:\Учеба\PascalABC.NET\PT4\Lib\PT4__.txt
C:\Учеба\PascalABC.NET\PT4\Lib\PT4_Exam.txt
C:\Учеба\PascalABC.NET\PT4\Lib\PT4_LinqB.txt
C:\Учеба\PascalABC.NET\PT4\Lib\PT4_LinqO.txt
C:\Учеба\PascalABC.NET\PT4\Lib\PT4_LinqX.txt
C:\Учеба\PascalABC.NET\PT4\Lib\PT4ExamBegin.txt
C:\Учеба\PascalABC.NET\PT4\Lib\PT4ExamCheck.txt
C:\Учеба\PascalABC.NET\PT4\Lib\PT4ExamTaskC.txt
C:\Учеба\PascalABC.NET\PT4\Lib\PT4ExamBegin_ru.txt
C:\Учеба\PascalABC.NET\PT4\Lib\PT4ExamCheck_ru.txt
C:\Учеба\PascalABC.NET\PT4\Lib\PT4ExamTaskC_ru.txt
C:\Учеба\PascalABC.NET\PT4\Lib\PT4LinqBegin[PascalABC].txt
C:\Учеба\PascalABC.NET\PT4\Lib\PT4LinqObj[PascalABC].txt
C:\Учеба\PascalABC.NET\PT4\Lib\PT4LinqXml[PascalABC].txt
C:\Учеба\PascalABC.NET\PT4\Lib\PT4-CWA-1Begin.txt
C:\Учеба\PascalABC.NET\PT4\Lib\PT4-CWA-2Robot.txt
C:\Учеба\PascalABC.NET\PT4\Lib\PT4-CWA-4Assign.txt
C:\Учеба\PascalABC.NET\PT4\Lib\PT4-CWA-5For.txt
C:\Учеба\PascalABC.NET\PT4\Lib\PT4-XRB.txt
C:\Учеба\PascalABC.NET\PT4\Lib\PT4ArrObj.txt
C:\Учеба\PascalABC.NET\PT4\Lib\PT4ObjArray.txt
C:\Учеба\PascalABC.NET\PT4Tools.dll
